#
# There is insufficient memory for the Java Runtime Environment to continue.
# Native memory allocation (malloc) failed to allocate 42128 bytes for Chunk::new
# Possible reasons:
#   The system is out of physical RAM or swap space
#   In 32 bit mode, the process size limit was hit
# Possible solutions:
#   Reduce memory load on the system
#   Increase physical memory or swap space
#   Check if swap backing store is full
#   Use 64 bit Java on a 64 bit OS
#   Decrease Java heap size (-Xmx/-Xms)
#   Decrease number of Java threads
#   Decrease Java thread stack sizes (-Xss)
#   Set larger code cache with -XX:ReservedCodeCacheSize=
# This output file may be truncated or incomplete.
#
#  Out of Memory Error (allocation.cpp:390), pid=46136, tid=0x000000000000bab8
#
# JRE version: Java(TM) SE Runtime Environment (8.0_151-b12) (build 1.8.0_151-b12)
# Java VM: Java HotSpot(TM) 64-Bit Server VM (25.151-b12 mixed mode windows-amd64 compressed oops)
# Failed to write core dump. Minidumps are not enabled by default on client versions of Windows
#

---------------  T H R E A D  ---------------

Current thread (0x0000000014d90000):  JavaThread "C2 CompilerThread0" daemon [_thread_in_native, id=47800, stack(0x0000000016400000,0x0000000016500000)]

Stack: [0x0000000016400000,0x0000000016500000]
[error occurred during error reporting (printing stack bounds), id 0xc0000005]

Native frames: (J=compiled Java code, j=interpreted, Vv=VM code, C=native code)


Current CompileTask:
C2:   5490 1228       4       java.util.concurrent.ConcurrentHashMap::get (162 bytes)


---------------  P R O C E S S  ---------------

Java Threads: ( => current thread )
  0x0000000016991000 JavaThread "pool-2-thread-1" [_thread_blocked, id=47996, stack(0x0000000016e00000,0x0000000016f00000)]
  0x0000000016990000 JavaThread "pool-1-thread-1" [_thread_in_Java, id=44744, stack(0x0000000016d00000,0x0000000016e00000)]
  0x0000000016730800 JavaThread "Service Thread" daemon [_thread_blocked, id=39356, stack(0x0000000016b00000,0x0000000016c00000)]
  0x0000000014da2000 JavaThread "C1 CompilerThread2" daemon [_thread_blocked, id=28492, stack(0x0000000016600000,0x0000000016700000)]
  0x0000000014d97000 JavaThread "C2 CompilerThread1" daemon [_thread_in_native, id=47632, stack(0x0000000016500000,0x0000000016600000)]
=>0x0000000014d90000 JavaThread "C2 CompilerThread0" daemon [_thread_in_native, id=47800, stack(0x0000000016400000,0x0000000016500000)]
  0x0000000014d8e800 JavaThread "Attach Listener" daemon [_thread_blocked, id=38116, stack(0x0000000016300000,0x0000000016400000)]
  0x0000000014d8d000 JavaThread "Signal Dispatcher" daemon [_thread_blocked, id=33960, stack(0x0000000016200000,0x0000000016300000)]
  0x000000000277e800 JavaThread "Finalizer" daemon [_thread_blocked, id=47836, stack(0x0000000016000000,0x0000000016100000)]
  0x0000000002772000 JavaThread "Reference Handler" daemon [_thread_blocked, id=43228, stack(0x0000000015f00000,0x0000000016000000)]
  0x0000000002682800 JavaThread "main" [_thread_in_Java, id=46360, stack(0x0000000002580000,0x0000000002680000)]

Other Threads:
  0x0000000014d57000 VMThread [stack: 0x0000000015e00000,0x0000000015f00000] [id=1152]
  0x0000000014de7000 WatcherThread [stack: 0x0000000016c00000,0x0000000016d00000] [id=46620]

VM state:not at safepoint (normal execution)

VM Mutex/Monitor currently owned by a thread: None

Heap:
 PSYoungGen      total 18944K, used 4039K [0x00000000eb180000, 0x00000000ec680000, 0x0000000100000000)
  eden space 16384K, 9% used [0x00000000eb180000,0x00000000eb2f7400,0x00000000ec180000)
  from space 2560K, 99% used [0x00000000ec400000,0x00000000ec67aad8,0x00000000ec680000)
  to   space 2560K, 0% used [0x00000000ec180000,0x00000000ec180000,0x00000000ec400000)
 ParOldGen       total 44032K, used 4070K [0x00000000c1400000, 0x00000000c3f00000, 0x00000000eb180000)
  object space 44032K, 9% used [0x00000000c1400000,0x00000000c17f9a90,0x00000000c3f00000)
 Metaspace       used 6207K, capacity 7064K, committed 7424K, reserved 1056768K
  class space    used 613K, capacity 656K, committed 768K, reserved 1048576K

Card table byte_map: [0x0000000011b40000,0x0000000011d40000] byte_map_base: 0x0000000011536000

Marking Bits: (ParMarkBitMap*) 0x000000006f3fd850
 Begin Bits: [0x0000000012290000, 0x0000000013240000)
 End Bits:   [0x0000000013240000, 0x00000000141f0000)

Polling page: 0x0000000000d50000

CodeCache: size=245760Kb used=5453Kb max_used=5453Kb free=240306Kb
 bounds [0x0000000002780000, 0x0000000002ce0000, 0x0000000011780000]
 total_blobs=1610 nmethods=1341 adapters=183
 compilation: enabled

Compilation events (10 events):
Event: 5.297 Thread 0x0000000014da2000 1252       3       com.android.dx.dex.cf.AttributeTranslator::getMethodAnnotations (37 bytes)
Event: 5.299 Thread 0x0000000014da2000 nmethod 1252 0x0000000002c77050 code [0x0000000002c77280, 0x0000000002c77f38]
Event: 5.299 Thread 0x0000000014da2000 1254       3       com.android.dx.ssa.back.SsaToRop::moveParametersToHighRegisters (88 bytes)
Event: 5.301 Thread 0x0000000014da2000 nmethod 1254 0x0000000002c66410 code [0x0000000002c665e0, 0x0000000002c66eb8]
Event: 5.301 Thread 0x0000000014da2000 1251       3       com.android.dx.cf.iface.StdMethod::<init> (40 bytes)
Event: 5.304 Thread 0x0000000014da2000 nmethod 1251 0x0000000002c78590 code [0x0000000002c78760, 0x0000000002c791c8]
Event: 5.304 Thread 0x0000000014da2000 1253       3       com.android.dx.rop.code.Rops::opConst (85 bytes)
Event: 5.306 Thread 0x0000000014da2000 nmethod 1253 0x0000000002c79650 code [0x0000000002c798a0, 0x0000000002c7a5a8]
Event: 5.308 Thread 0x0000000014da2000 1255       3       com.android.dx.dex.file.ClassDataItem::addVirtualMethod (24 bytes)
Event: 5.310 Thread 0x0000000014da2000 nmethod 1255 0x0000000002c7ab50 code [0x0000000002c7ad20, 0x0000000002c7b418]

GC Heap History (2 events):
Event: 4.436 GC heap before
{Heap before GC invocations=1 (full 0):
 PSYoungGen      total 18944K, used 16384K [0x00000000eb180000, 0x00000000ec680000, 0x0000000100000000)
  eden space 16384K, 100% used [0x00000000eb180000,0x00000000ec180000,0x00000000ec180000)
  from space 2560K, 0% used [0x00000000ec400000,0x00000000ec400000,0x00000000ec680000)
  to   space 2560K, 0% used [0x00000000ec180000,0x00000000ec180000,0x00000000ec400000)
 ParOldGen       total 44032K, used 0K [0x00000000c1400000, 0x00000000c3f00000, 0x00000000eb180000)
  object space 44032K, 0% used [0x00000000c1400000,0x00000000c1400000,0x00000000c3f00000)
 Metaspace       used 5913K, capacity 6744K, committed 6912K, reserved 1056768K
  class space    used 613K, capacity 656K, committed 768K, reserved 1048576K
Event: 4.454 GC heap after
Heap after GC invocations=1 (full 0):
 PSYoungGen      total 18944K, used 2538K [0x00000000eb180000, 0x00000000ec680000, 0x0000000100000000)
  eden space 16384K, 0% used [0x00000000eb180000,0x00000000eb180000,0x00000000ec180000)
  from space 2560K, 99% used [0x00000000ec180000,0x00000000ec3faad0,0x00000000ec400000)
  to   space 2560K, 0% used [0x00000000ec400000,0x00000000ec400000,0x00000000ec680000)
 ParOldGen       total 44032K, used 1598K [0x00000000c1400000, 0x00000000c3f00000, 0x00000000eb180000)
  object space 44032K, 3% used [0x00000000c1400000,0x00000000c158fa90,0x00000000c3f00000)
 Metaspace       used 5913K, capacity 6744K, committed 6912K, reserved 1056768K
  class space    used 613K, capacity 656K, committed 768K, reserved 1048576K
}

Deoptimization events (4 events):
Event: 4.176 Thread 0x0000000002682800 Uncommon trap: reason=unstable_if action=reinterpret pc=0x00000000028f1330 method=java.lang.String.startsWith(Ljava/lang/String;I)Z @ 25
Event: 4.654 Thread 0x0000000002682800 Uncommon trap: reason=unstable_if action=reinterpret pc=0x0000000002ab2b8c method=java.util.concurrent.ConcurrentHashMap.get(Ljava/lang/Object;)Ljava/lang/Object; @ 138
Event: 4.706 Thread 0x0000000016990000 Uncommon trap: reason=unstable_if action=reinterpret pc=0x0000000002af3fb0 method=java.util.concurrent.ConcurrentHashMap.get(Ljava/lang/Object;)Ljava/lang/Object; @ 152
Event: 4.807 Thread 0x0000000016990000 Uncommon trap: reason=unstable_if action=reinterpret pc=0x0000000002b4eecc method=java.util.concurrent.ConcurrentHashMap.get(Ljava/lang/Object;)Ljava/lang/Object; @ 152

Internal exceptions (2 events):
Event: 0.225 Thread 0x0000000002682800 Exception <a 'java/lang/NoSuchMethodError': Method sun.misc.Unsafe.defineClass(Ljava/lang/String;[BII)Ljava/lang/Class; name or signature does not match> (0x00000000eb187ca8) thrown at [C:\re\workspace\8-2-build-windows-amd64-cygwin\jdk8u151\9699\hotspot\
Event: 0.226 Thread 0x0000000002682800 Exception <a 'java/lang/NoSuchMethodError': Method sun.misc.Unsafe.prefetchRead(Ljava/lang/Object;J)V name or signature does not match> (0x00000000eb187f90) thrown at [C:\re\workspace\8-2-build-windows-amd64-cygwin\jdk8u151\9699\hotspot\src\share\vm\prims

Events (10 events):
Event: 5.149 Executing VM operation: RevokeBias
Event: 5.151 Executing VM operation: RevokeBias done
Event: 5.173 Executing VM operation: RevokeBias
Event: 5.176 Executing VM operation: RevokeBias done
Event: 5.237 Executing VM operation: RevokeBias
Event: 5.238 Executing VM operation: RevokeBias done
Event: 5.256 Executing VM operation: RevokeBias
Event: 5.257 Executing VM operation: RevokeBias done
Event: 5.303 Executing VM operation: RevokeBias
Event: 5.303 Executing VM operation: RevokeBias done


Dynamic libraries:
0x00007ff79c500000 - 0x00007ff79c537000 	C:\PROGRA~1\Java\JDK18~1.0_1\bin\java.exe
0x00007fff6f340000 - 0x00007fff6f530000 	C:\WINDOWS\SYSTEM32\ntdll.dll
0x00007fff30a80000 - 0x00007fff30a94000 	C:\Program Files\AVAST Software\Avast\aswhook.dll
0x00007fff6f240000 - 0x00007fff6f2f2000 	C:\WINDOWS\System32\KERNEL32.DLL
0x00007fff6ccc0000 - 0x00007fff6cf63000 	C:\WINDOWS\System32\KERNELBASE.dll
0x00007fff6ebe0000 - 0x00007fff6ec83000 	C:\WINDOWS\System32\ADVAPI32.dll
0x00007fff6ddf0000 - 0x00007fff6de8e000 	C:\WINDOWS\System32\msvcrt.dll
0x00007fff6df20000 - 0x00007fff6dfb7000 	C:\WINDOWS\System32\sechost.dll
0x00007fff6f120000 - 0x00007fff6f240000 	C:\WINDOWS\System32\RPCRT4.dll
0x00007fff6dbe0000 - 0x00007fff6dd74000 	C:\WINDOWS\System32\USER32.dll
0x00007fff6d3c0000 - 0x00007fff6d3e1000 	C:\WINDOWS\System32\win32u.dll
0x00007fff6de90000 - 0x00007fff6deb6000 	C:\WINDOWS\System32\GDI32.dll
0x00007fff6c2d0000 - 0x00007fff6c464000 	C:\WINDOWS\System32\gdi32full.dll
0x00007fff6cf70000 - 0x00007fff6d00e000 	C:\WINDOWS\System32\msvcp_win.dll
0x00007fff6d060000 - 0x00007fff6d15a000 	C:\WINDOWS\System32\ucrtbase.dll
0x00007fff61f50000 - 0x00007fff621d5000 	C:\WINDOWS\WinSxS\amd64_microsoft.windows.common-controls_6595b64144ccf1df_6.0.18362.535_none_e6c3b34713100821\COMCTL32.dll
0x00007fff6d420000 - 0x00007fff6d756000 	C:\WINDOWS\System32\combase.dll
0x00007fff6d310000 - 0x00007fff6d390000 	C:\WINDOWS\System32\bcryptPrimitives.dll
0x00007fff6d3f0000 - 0x00007fff6d41e000 	C:\WINDOWS\System32\IMM32.DLL
0x000000006f480000 - 0x000000006f552000 	C:\PROGRA~1\Java\JDK18~1.0_1\jre\bin\msvcr100.dll
0x000000006ebe0000 - 0x000000006f47d000 	C:\PROGRA~1\Java\JDK18~1.0_1\jre\bin\server\jvm.dll
0x00007fff6ec90000 - 0x00007fff6ec98000 	C:\WINDOWS\System32\PSAPI.DLL
0x00007fff5c5d0000 - 0x00007fff5c5d9000 	C:\WINDOWS\SYSTEM32\WSOCK32.dll
0x00007fff6eb70000 - 0x00007fff6ebdf000 	C:\WINDOWS\System32\WS2_32.dll
0x00007fff69b10000 - 0x00007fff69b34000 	C:\WINDOWS\SYSTEM32\WINMM.dll
0x00007fff61b80000 - 0x00007fff61b8a000 	C:\WINDOWS\SYSTEM32\VERSION.dll
0x00007fff69680000 - 0x00007fff696ad000 	C:\WINDOWS\SYSTEM32\WINMMBASE.dll
0x00007fff6d010000 - 0x00007fff6d05a000 	C:\WINDOWS\System32\cfgmgr32.dll
0x000000006ebd0000 - 0x000000006ebdf000 	C:\PROGRA~1\Java\JDK18~1.0_1\jre\bin\verify.dll
0x000000006eba0000 - 0x000000006ebc9000 	C:\PROGRA~1\Java\JDK18~1.0_1\jre\bin\java.dll
0x000000006eb80000 - 0x000000006eb96000 	C:\PROGRA~1\Java\JDK18~1.0_1\jre\bin\zip.dll
0x00007fff6e250000 - 0x00007fff6e935000 	C:\WINDOWS\System32\SHELL32.dll
0x00007fff6e100000 - 0x00007fff6e1a9000 	C:\WINDOWS\System32\shcore.dll
0x00007fff6c470000 - 0x00007fff6cbef000 	C:\WINDOWS\System32\windows.storage.dll
0x00007fff6c240000 - 0x00007fff6c25f000 	C:\WINDOWS\System32\profapi.dll
0x00007fff6c280000 - 0x00007fff6c2ca000 	C:\WINDOWS\System32\powrprof.dll
0x00007fff6c210000 - 0x00007fff6c220000 	C:\WINDOWS\System32\UMPDC.dll
0x00007fff6dec0000 - 0x00007fff6df12000 	C:\WINDOWS\System32\shlwapi.dll
0x00007fff6c220000 - 0x00007fff6c231000 	C:\WINDOWS\System32\kernel.appcore.dll
0x00007fff6cca0000 - 0x00007fff6ccb7000 	C:\WINDOWS\System32\cryptsp.dll

VM Arguments:
java_command: C:\Users\JJ Nyirenda\AppData\Local\Android\Sdk\build-tools\28.0.3\\lib\dx.jar --no-strict --dex --output=obj\Debug\android\bin obj\Debug\android\bin\classes C:\Program Files (x86)\Reference Assemblies\Microsoft\Framework\MonoAndroid\v5.1\mono.android.jar C:\Users\JJ Nyirenda\AppData\Local\Xamarin\Xamarin.Android.Support.v4\22.0.0\embedded\classes.jar C:\Users\JJ Nyirenda\AppData\Local\Xamarin\Xamarin.Android.Support.v4\22.0.0\embedded\libs\internal_impl-22.0.0.jar C:\Users\JJ Nyirenda\AppData\Local\Xamarin\Xamarin.Android.Support.v7.GridLayout\22.0.0\embedded\classes.jar
java_class_path (initial): C:\Users\JJ Nyirenda\AppData\Local\Android\Sdk\build-tools\28.0.3\\lib\dx.jar
Launcher Type: SUN_STANDARD

Environment Variables:
PATH=C:\PROGRA~1\Java\JDK18~1.0_1\bin;C:\Program Files (x86)\Microsoft Visual Studio 12.0\Common7\IDE\CommonExtensions\Microsoft\TeamFoundation\Team Explorer\NativeBinaries/x86;C:\Program Files (x86)\NVIDIA Corporation\PhysX\Common;C:\Program Files (x86)\Common Files\Oracle\Java\javapath;C:\ProgramData\Oracle\Java\javapath;C:\WINDOWS\system32;C:\WINDOWS;C:\WINDOWS\System32\Wbem;C:\WINDOWS\System32\WindowsPowerShell\v1.0\;C:\Program Files\MySQL\MySQL Utilities 1.6\;C:\Program Files\Microsoft\Web Platform Installer\;C:\Program Files (x86)\Microsoft ASP.NET\ASP.NET Web Pages\v1.0\;C:\Program Files\Microsoft SQL Server\110\Tools\Binn\;C:\Program Files (x86)\Microsoft SQL Server\Client SDK\ODBC\130\Tools\Binn\;C:\Program Files (x86)\Microsoft SQL Server\140\Tools\Binn\;C:\Program Files (x86)\Microsoft SQL Server\140\DTS\Binn\;C:\Program Files (x86)\Microsoft SQL Server\140\Tools\Binn\ManagementStudio\;C:\Program Files\Microsoft SQL Server\Client SDK\ODBC\130\Tools\Binn\;C:\Program Files\Microsoft SQL Server\140\Tools\Binn\;C:\Program Files\Microsoft SQL Server\140\DTS\Binn\;C:\WINDOWS\system32\config\systemprofile\.dnx\bin;C:\Program Files\Microsoft DNX\Dnvm\;C:\Program Files\Microsoft SQL Server\120\Tools\Binn\;C:\WINDOWS\System32\OpenSSH\;C:\Program Files\Git\cmd;C:\Program Files\Git\mingw64\bin;C:\Program Files\Git\usr\bin;C:\Program Files (x86)\Brackets\command;C:\Program Files\dotnet\;C:\Program Files (x86)\GtkSharp\2.12\bin;C:\Program Files (x86)\Windows Kits\8.1\Windows Performance Toolkit\;C:\Users\JJ Nyirenda\AppData\Local\Microsoft\WindowsApps;;C:\Program Files\JetBrains\PhpStorm 2018.3.5\bin;;C:\Program Files (x86)\Microsoft VS Code\bin;C:\Program Files\JetBrains\IntelliJ IDEA Community Edition 2019.2.3\bin;
USERNAME=JJ Nyirenda
OS=Windows_NT
PROCESSOR_IDENTIFIER=Intel64 Family 6 Model 76 Stepping 4, GenuineIntel



---------------  S Y S T E M  ---------------

OS: Windows 10.0 , 64 bit Build 18362 (10.0.18362.329)

CPU:total 4 (initial active 4) (4 cores per cpu, 1 threads per core) family 6 model 76 stepping 4, cmov, cx8, fxsr, mmx, sse, sse2, sse3, ssse3, sse4.1, sse4.2, popcnt, aes, clmul, erms, 3dnowpref, tsc, tscinvbit

Memory: 4k page, physical 4105360k(347652k free), swap 8299664k(17532k free)

vm_info: Java HotSpot(TM) 64-Bit Server VM (25.151-b12) for windows-amd64 JRE (1.8.0_151-b12), built on Sep  5 2017 19:33:46 by "java_re" with MS VC++ 10.0 (VS2010)

time: Thu Dec 26 01:20:31 2019
elapsed time: 6 seconds (0d 0h 0m 6s)

