#
# There is insufficient memory for the Java Runtime Environment to continue.
# Native memory allocation (malloc) failed to allocate 1048576 bytes for AllocateHeap
# Possible reasons:
#   The system is out of physical RAM or swap space
#   In 32 bit mode, the process size limit was hit
# Possible solutions:
#   Reduce memory load on the system
#   Increase physical memory or swap space
#   Check if swap backing store is full
#   Use 64 bit Java on a 64 bit OS
#   Decrease Java heap size (-Xmx/-Xms)
#   Decrease number of Java threads
#   Decrease Java thread stack sizes (-Xss)
#   Set larger code cache with -XX:ReservedCodeCacheSize=
# This output file may be truncated or incomplete.
#
#  Out of Memory Error (memory/allocation.inline.hpp:61), pid=53268, tid=0x000000000000c868
#
# JRE version:  (8.0_151-b12) (build )
# Java VM: Java HotSpot(TM) 64-Bit Server VM (25.151-b12 mixed mode windows-amd64 compressed oops)
# Failed to write core dump. Minidumps are not enabled by default on client versions of Windows
#

---------------  T H R E A D  ---------------

Current thread (0x0000000002e52800):  JavaThread "Unknown thread" [_thread_in_vm, id=51304, stack(0x0000000002ca0000,0x0000000002da0000)]

Stack: [0x0000000002ca0000,0x0000000002da0000]
[error occurred during error reporting (printing stack bounds), id 0xc0000005]

Native frames: (J=compiled Java code, j=interpreted, Vv=VM code, C=native code)


---------------  P R O C E S S  ---------------

Java Threads: ( => current thread )

Other Threads:

=>0x0000000002e52800 (exited) JavaThread "Unknown thread" [_thread_in_vm, id=51304, stack(0x0000000002ca0000,0x0000000002da0000)]

VM state:not at safepoint (normal execution)

VM Mutex/Monitor currently owned by a thread: None

Heap:
 PSYoungGen      total 2048K, used 30K [0x00000000eb180000, 0x00000000eb400000, 0x0000000100000000)
  eden space 1536K, 2% used [0x00000000eb180000,0x00000000eb187af0,0x00000000eb300000)
  from space 512K, 0% used [0x00000000eb380000,0x00000000eb380000,0x00000000eb400000)
  to   space 512K, 0% used [0x00000000eb300000,0x00000000eb300000,0x00000000eb380000)
 ParOldGen       total 5632K, used 0K [0x00000000c1400000, 0x00000000c1980000, 0x00000000eb180000)
  object space 5632K, 0% used [0x00000000c1400000,0x00000000c1400000,0x00000000c1980000)
 Metaspace       used 770K, capacity 4480K, committed 4480K, reserved 1056768K
  class space    used 75K, capacity 384K, committed 384K, reserved 1048576K

Card table byte_map: [0x0000000012310000,0x0000000012510000] byte_map_base: 0x0000000011d06000

Marking Bits: (ParMarkBitMap*) 0x000000006f3fd850
 Begin Bits: [0x0000000012a60000, 0x0000000013a10000)
 End Bits:   [0x0000000013a10000, 0x00000000149c0000)

Polling page: 0x0000000000ff0000

CodeCache: size=245760Kb used=327Kb max_used=327Kb free=245432Kb
 bounds [0x0000000002f50000, 0x00000000031c0000, 0x0000000011f50000]
 total_blobs=57 nmethods=0 adapters=38
 compilation: enabled

Compilation events (0 events):
No events

GC Heap History (0 events):
No events

Deoptimization events (0 events):
No events

Internal exceptions (0 events):
No events

Events (10 events):
Event: 4.591 loading class java/lang/Short
Event: 4.591 loading class java/lang/Short done
Event: 4.591 loading class java/lang/Integer
Event: 4.592 loading class java/lang/Integer done
Event: 4.592 loading class java/lang/Long
Event: 4.634 loading class java/lang/Long done
Event: 4.735 loading class java/lang/NullPointerException
Event: 4.736 loading class java/lang/NullPointerException done
Event: 4.736 loading class java/lang/ArithmeticException
Event: 4.736 loading class java/lang/ArithmeticException done


Dynamic libraries:
0x00007ff701ac0000 - 0x00007ff701ac7000 	C:\PROGRA~1\Java\JDK18~1.0_1\bin\javac.exe
0x00007fff6f340000 - 0x00007fff6f530000 	C:\WINDOWS\SYSTEM32\ntdll.dll
0x00007fff30a80000 - 0x00007fff30a94000 	C:\Program Files\AVAST Software\Avast\aswhook.dll
0x00007fff6f240000 - 0x00007fff6f2f2000 	C:\WINDOWS\System32\KERNEL32.DLL
0x00007fff6ccc0000 - 0x00007fff6cf63000 	C:\WINDOWS\System32\KERNELBASE.dll
0x000000006e7c0000 - 0x000000006e7ef000 	C:\PROGRA~1\Java\JDK18~1.0_1\bin\jli.dll
0x00007fff6ebe0000 - 0x00007fff6ec83000 	C:\WINDOWS\System32\ADVAPI32.dll
0x00007fff6ddf0000 - 0x00007fff6de8e000 	C:\WINDOWS\System32\msvcrt.dll
0x00007fff6df20000 - 0x00007fff6dfb7000 	C:\WINDOWS\System32\sechost.dll
0x00007fff6f120000 - 0x00007fff6f240000 	C:\WINDOWS\System32\RPCRT4.dll
0x00007fff6dbe0000 - 0x00007fff6dd74000 	C:\WINDOWS\System32\USER32.dll
0x00007fff6d3c0000 - 0x00007fff6d3e1000 	C:\WINDOWS\System32\win32u.dll
0x00007fff6de90000 - 0x00007fff6deb6000 	C:\WINDOWS\System32\GDI32.dll
0x00007fff6c2d0000 - 0x00007fff6c464000 	C:\WINDOWS\System32\gdi32full.dll
0x00007fff6cf70000 - 0x00007fff6d00e000 	C:\WINDOWS\System32\msvcp_win.dll
0x00007fff6d060000 - 0x00007fff6d15a000 	C:\WINDOWS\System32\ucrtbase.dll
0x000000006e6e0000 - 0x000000006e7b2000 	C:\PROGRA~1\Java\JDK18~1.0_1\bin\MSVCR100.dll
0x00007fff61f50000 - 0x00007fff621d5000 	C:\WINDOWS\WinSxS\amd64_microsoft.windows.common-controls_6595b64144ccf1df_6.0.18362.535_none_e6c3b34713100821\COMCTL32.dll
0x00007fff6d420000 - 0x00007fff6d756000 	C:\WINDOWS\System32\combase.dll
0x00007fff6d310000 - 0x00007fff6d390000 	C:\WINDOWS\System32\bcryptPrimitives.dll
0x00007fff6d3f0000 - 0x00007fff6d41e000 	C:\WINDOWS\System32\IMM32.DLL
0x000000006f480000 - 0x000000006f552000 	C:\PROGRA~1\Java\JDK18~1.0_1\jre\bin\msvcr100.dll
0x000000006ebe0000 - 0x000000006f47d000 	C:\PROGRA~1\Java\JDK18~1.0_1\jre\bin\server\jvm.dll
0x00007fff6ec90000 - 0x00007fff6ec98000 	C:\WINDOWS\System32\PSAPI.DLL
0x00007fff5c5d0000 - 0x00007fff5c5d9000 	C:\WINDOWS\SYSTEM32\WSOCK32.dll
0x00007fff6eb70000 - 0x00007fff6ebdf000 	C:\WINDOWS\System32\WS2_32.dll
0x00007fff69b10000 - 0x00007fff69b34000 	C:\WINDOWS\SYSTEM32\WINMM.dll
0x00007fff61b80000 - 0x00007fff61b8a000 	C:\WINDOWS\SYSTEM32\VERSION.dll
0x00007fff69680000 - 0x00007fff696ad000 	C:\WINDOWS\SYSTEM32\WINMMBASE.dll
0x00007fff6d010000 - 0x00007fff6d05a000 	C:\WINDOWS\System32\cfgmgr32.dll
0x000000006ebd0000 - 0x000000006ebdf000 	C:\PROGRA~1\Java\JDK18~1.0_1\jre\bin\verify.dll
0x000000006eba0000 - 0x000000006ebc9000 	C:\PROGRA~1\Java\JDK18~1.0_1\jre\bin\java.dll
0x000000006eb80000 - 0x000000006eb96000 	C:\PROGRA~1\Java\JDK18~1.0_1\jre\bin\zip.dll

VM Arguments:
jvm_args: -Dapplication.home=C:\PROGRA~1\Java\JDK18~1.0_1 -Xms8m -Dfile.encoding=UTF8 
java_command: com.sun.tools.javac.Main -d obj\Debug\android\bin\classes -classpath C:\Program Files (x86)\Reference Assemblies\Microsoft\Framework\MonoAndroid\v5.1\mono.android.jar;C:\Users\JJ Nyirenda\AppData\Local\Xamarin\Xamarin.Android.Support.v4\22.0.0\embedded\classes.jar;C:\Users\JJ Nyirenda\AppData\Local\Xamarin\Xamarin.Android.Support.v4\22.0.0\embedded\libs\internal_impl-22.0.0.jar;C:\Users\JJ Nyirenda\AppData\Local\Xamarin\Xamarin.Android.Support.v7.GridLayout\22.0.0\embedded\classes.jar -bootclasspath C:\Users\JJ Nyirenda\AppData\Local\Android\Sdk\platforms\android-22\android.jar -encoding UTF-8 @C:\Users\JJ Nyirenda\AppData\Local\Temp\tmpCC0B.tmp
java_class_path (initial): C:\PROGRA~1\Java\JDK18~1.0_1/lib/tools.jar;C:\PROGRA~1\Java\JDK18~1.0_1/classes
Launcher Type: SUN_STANDARD

Environment Variables:
PATH=C:\PROGRA~1\Java\JDK18~1.0_1\bin;C:\Program Files (x86)\Microsoft Visual Studio 12.0\Common7\IDE\CommonExtensions\Microsoft\TeamFoundation\Team Explorer\NativeBinaries/x86;C:\Program Files (x86)\NVIDIA Corporation\PhysX\Common;C:\Program Files (x86)\Common Files\Oracle\Java\javapath;C:\ProgramData\Oracle\Java\javapath;C:\WINDOWS\system32;C:\WINDOWS;C:\WINDOWS\System32\Wbem;C:\WINDOWS\System32\WindowsPowerShell\v1.0\;C:\Program Files\MySQL\MySQL Utilities 1.6\;C:\Program Files\Microsoft\Web Platform Installer\;C:\Program Files (x86)\Microsoft ASP.NET\ASP.NET Web Pages\v1.0\;C:\Program Files\Microsoft SQL Server\110\Tools\Binn\;C:\Program Files (x86)\Microsoft SQL Server\Client SDK\ODBC\130\Tools\Binn\;C:\Program Files (x86)\Microsoft SQL Server\140\Tools\Binn\;C:\Program Files (x86)\Microsoft SQL Server\140\DTS\Binn\;C:\Program Files (x86)\Microsoft SQL Server\140\Tools\Binn\ManagementStudio\;C:\Program Files\Microsoft SQL Server\Client SDK\ODBC\130\Tools\Binn\;C:\Program Files\Microsoft SQL Server\140\Tools\Binn\;C:\Program Files\Microsoft SQL Server\140\DTS\Binn\;C:\WINDOWS\system32\config\systemprofile\.dnx\bin;C:\Program Files\Microsoft DNX\Dnvm\;C:\Program Files\Microsoft SQL Server\120\Tools\Binn\;C:\WINDOWS\System32\OpenSSH\;C:\Program Files\Git\cmd;C:\Program Files\Git\mingw64\bin;C:\Program Files\Git\usr\bin;C:\Program Files (x86)\Brackets\command;C:\Program Files\dotnet\;C:\Program Files (x86)\GtkSharp\2.12\bin;C:\Program Files (x86)\Windows Kits\8.1\Windows Performance Toolkit\;C:\Users\JJ Nyirenda\AppData\Local\Microsoft\WindowsApps;;C:\Program Files\JetBrains\PhpStorm 2018.3.5\bin;;C:\Program Files (x86)\Microsoft VS Code\bin;C:\Program Files\JetBrains\IntelliJ IDEA Community Edition 2019.2.3\bin;
USERNAME=JJ Nyirenda
OS=Windows_NT
PROCESSOR_IDENTIFIER=Intel64 Family 6 Model 76 Stepping 4, GenuineIntel



---------------  S Y S T E M  ---------------

OS: Windows 10.0 , 64 bit Build 18362 (10.0.18362.329)

CPU:total 4 (initial active 4) (4 cores per cpu, 1 threads per core) family 6 model 76 stepping 4, cmov, cx8, fxsr, mmx, sse, sse2, sse3, ssse3, sse4.1, sse4.2, popcnt, aes, clmul, erms, 3dnowpref, tsc, tscinvbit

Memory: 4k page, physical 4105360k(332024k free), swap 8299664k(13800k free)

vm_info: Java HotSpot(TM) 64-Bit Server VM (25.151-b12) for windows-amd64 JRE (1.8.0_151-b12), built on Sep  5 2017 19:33:46 by "java_re" with MS VC++ 10.0 (VS2010)

time: Thu Dec 26 16:24:36 2019
elapsed time: 5 seconds (0d 0h 0m 5s)

